<?xml version="1.0" encoding="UTF-8"?>
<!-- Generated by org.testng.reporters.JUnitXMLReporter -->
<testsuite hostname="DUBLT00801" ignored="0" name="Surefire test" tests="1" failures="0" timestamp="07 Oct 2019 23:30:40 GMT" time="0.048" errors="0">
  <testcase name="@BeforeMethod setUp" time="0.0" classname="com.testSuite.BrowserStackTestNGTest">
    <failure type="org.testng.TestNGException" message="
Parameter &amp;apos;config&amp;apos; is required by BeforeMethod on method setUp but has not been marked @Optional or defined
">
      <![CDATA[org.testng.TestNGException: 
Parameter 'config' is required by BeforeMethod on method setUp but has not been marked @Optional or defined

... Removed 30 stack frames]]>
    </failure>
  </testcase> <!-- @BeforeMethod setUp -->
  <testcase name="@AfterMethod tearDown" time="0.003" classname="com.testSuite.BrowserStackTestNGTest">
    <failure type="java.lang.NullPointerException">
      <![CDATA[java.lang.NullPointerException
at com.testSuite.BrowserStackTestNGTest.tearDown(BrowserStackTestNGTest.java:78)
... Removed 33 stack frames]]>
    </failure>
  </testcase> <!-- @AfterMethod tearDown -->
  <testcase name="test" time="0.0" classname="com.testSuite.SingleTest">
    <skipped/>
  </testcase> <!-- test -->
</testsuite> <!-- Surefire test -->
